created 5 of rsc 0
created 9 of rsc 1
created 9 of rsc 2
created 8 of rsc 3
created 0 of rsc 4
created 10 of rsc 5
created 0 of rsc 6
created 4 of rsc 7
created 0 of rsc 8
created 6 of rsc 9
created 2 of rsc 10
created 0 of rsc 11
created 8 of rsc 12
created 9 of rsc 13
created 10 of rsc 14
created 10 of rsc 15
created 4 of rsc 16
created 6 of rsc 17
created 3 of rsc 18
created 5 of rsc 19
		 !!!Deadlock detected!!!
8211 is deadlocked waiting for 10
	0: 0
	1: 1
	2: 0
	3: 0
	4: 0
	5: 2
	6: 0
	7: 0
	8: 0
	9: 1
	10: 1
	11: 0
	12: 1
	13: 1
	14: 3
	15: 2
	16: 0
	17: 2
	18: 1
	19: 0
	0: 0
	1: 1
	2: 0
	3: 3
	4: 0
	5: 1
	6: 0
	7: 0
	8: 0
	9: 0
	10: 0
	11: 0
	12: 0
	13: 0
	14: 1
	15: 0
	16: 0
	17: 0
	18: 0
	19: 0
	0: 0
	1: 0
	2: 1
	3: 0
	4: 0
	5: 0
	6: 0
	7: 0
	8: 0
	9: 1
	10: 0
	11: 0
	12: 0
	13: 0
	14: 1
	15: 0
	16: 0
	17: 0
	18: 0
	19: 0
8211 is waiting on 10
8212 is waiting on 18
8213 is waiting on 10
8214 is waiting on 9
8216 is waiting on 9
8218 is waiting on 10
The process to terminate to resolve deadlock is 8211 for 4 resolutions
		8211: forced termination	sending 9 to 8214
		8211: forced termination	sending 10 to 8213
		8211: forced termination	sending 18 to 8212
		 !!!Deadlock detected!!!
8214 is deadlocked waiting for 10
	0: 0
	1: 0
	2: 0
	3: 0
	4: 0
	5: 0
	6: 0
	7: 1
	8: 0
	9: 2
	10: 1
	11: 0
	12: 1
	13: 2
	14: 0
	15: 1
	16: 0
	17: 0
	18: 0
	19: 0
	0: 0
	1: 0
	2: 1
	3: 0
	4: 0
	5: 0
	6: 0
	7: 0
	8: 0
	9: 1
	10: 0
	11: 0
	12: 0
	13: 0
	14: 1
	15: 0
	16: 0
	17: 0
	18: 0
	19: 0
8213 is waiting on 9
8214 is waiting on 10
8218 is waiting on 10
The process to terminate to resolve deadlock is 8214 for 3 resolutions
		8214: forced termination	sending 9 to 8213
		8214: forced termination	sending 10 to 8218
		 !!!Deadlock detected!!!
8222 is deadlocked waiting for 16
	0: 0
	1: 0
	2: 0
	3: 0
	4: 0
	5: 0
	6: 0
	7: 0
	8: 0
	9: 0
	10: 0
	11: 0
	12: 0
	13: 0
	14: 0
	15: 0
	16: 0
	17: 0
	18: 0
	19: 0
	0: 0
	1: 2
	2: 0
	3: 3
	4: 0
	5: 1
	6: 0
	7: 0
	8: 0
	9: 1
	10: 1
	11: 0
	12: 0
	13: 0
	14: 1
	15: 0
	16: 0
	17: 0
	18: 0
	19: 0
	0: 0
	1: 1
	2: 0
	3: 0
	4: 0
	5: 0
	6: 0
	7: 0
	8: 0
	9: 1
	10: 1
	11: 0
	12: 1
	13: 0
	14: 0
	15: 0
	16: 2
	17: 1
	18: 1
	19: 0
	0: 1
	1: 1
	2: 0
	3: 1
	4: 0
	5: 2
	6: 0
	7: 0
	8: 0
	9: 0
	10: 0
	11: 0
	12: 1
	13: 0
	14: 0
	15: 0
	16: 0
	17: 1
	18: 1
	19: 0
8222 is waiting on 16
8213 is waiting on 16
8215 is waiting on 10
8216 is waiting on 16
8217 is waiting on 16
The process to terminate to resolve deadlock is 8216 for 4 resolutions
		8216: forced termination	sending 10 to 8215
		8216: forced termination	sending 16 to 8222
		8216: forced termination	sending 16 to 8213
		 !!!Deadlock detected!!!
8213 is deadlocked waiting for 9
	0: 0
	1: 3
	2: 1
	3: 3
	4: 0
	5: 1
	6: 0
	7: 0
	8: 0
	9: 2
	10: 1
	11: 0
	12: 0
	13: 0
	14: 1
	15: 0
	16: 0
	17: 0
	18: 1
	19: 1
8222 is waiting on 16
8213 is waiting on 9
8224 is waiting on 10
8215 is waiting on 18
8219 is waiting on 18
8221 is waiting on 16
The process to terminate to resolve deadlock is 8213 for 4 resolutions
		8213: forced termination	sending 10 to 8224
		8213: forced termination	sending 18 to 8215
		 !!!Deadlock detected!!!
8222 is deadlocked waiting for 18
	0: 0
	1: 1
	2: 1
	3: 0
	4: 0
	5: 0
	6: 0
	7: 0
	8: 0
	9: 0
	10: 0
	11: 0
	12: 0
	13: 0
	14: 0
	15: 0
	16: 2
	17: 0
	18: 0
	19: 0
8222 is waiting on 18
8223 is waiting on 16
8224 is waiting on 16
8229 is waiting on 16
8226 is waiting on 7
8217 is waiting on 7
8225 is waiting on 10
8219 is waiting on 10
8227 is waiting on 16
8221 is waiting on 16
The process to terminate to resolve deadlock is 8222 for 3 resolutions
		8222: forced termination	sending 16 to 8223
		8222: forced termination	sending 16 to 8224
created 5 of rsc 0
created 9 of rsc 1
created 9 of rsc 2
created 8 of rsc 3
created 0 of rsc 4
created 10 of rsc 5
created 0 of rsc 6
created 4 of rsc 7
created 0 of rsc 8
created 6 of rsc 9
created 2 of rsc 10
created 0 of rsc 11
created 8 of rsc 12
created 9 of rsc 13
created 10 of rsc 14
created 10 of rsc 15
created 4 of rsc 16
created 6 of rsc 17
created 3 of rsc 18
created 5 of rsc 19
		 !!!Deadlock detected!!!
8211 is deadlocked waiting for 10
	0: 0
	1: 1
	2: 0
	3: 0
	4: 0
	5: 2
	6: 0
	7: 0
	8: 0
	9: 1
	10: 1
	11: 0
	12: 1
	13: 1
	14: 3
	15: 2
	16: 0
	17: 2
	18: 1
	19: 0
	0: 0
	1: 1
	2: 0
	3: 3
	4: 0
	5: 1
	6: 0
	7: 0
	8: 0
	9: 0
	10: 0
	11: 0
	12: 0
	13: 0
	14: 1
	15: 0
	16: 0
	17: 0
	18: 0
	19: 0
	0: 0
	1: 0
	2: 1
	3: 0
	4: 0
	5: 0
	6: 0
	7: 0
	8: 0
	9: 1
	10: 0
	11: 0
	12: 0
	13: 0
	14: 1
	15: 0
	16: 0
	17: 0
	18: 0
	19: 0
8211 is waiting on 10
8212 is waiting on 18
8213 is waiting on 10
8214 is waiting on 9
8216 is waiting on 9
8218 is waiting on 10
The process to terminate to resolve deadlock is 8211 for 4 resolutions
		8211: forced termination	sending 9 to 8214
		8211: forced termination	sending 10 to 8213
		8211: forced termination	sending 18 to 8212
		 !!!Deadlock detected!!!
8214 is deadlocked waiting for 10
	0: 0
	1: 0
	2: 0
	3: 0
	4: 0
	5: 0
	6: 0
	7: 1
	8: 0
	9: 2
	10: 1
	11: 0
	12: 1
	13: 2
	14: 0
	15: 1
	16: 0
	17: 0
	18: 0
	19: 0
	0: 0
	1: 0
	2: 1
	3: 0
	4: 0
	5: 0
	6: 0
	7: 0
	8: 0
	9: 1
	10: 0
	11: 0
	12: 0
	13: 0
	14: 1
	15: 0
	16: 0
	17: 0
	18: 0
	19: 0
8213 is waiting on 9
8214 is waiting on 10
8218 is waiting on 10
The process to terminate to resolve deadlock is 8214 for 3 resolutions
		8214: forced termination	sending 9 to 8213
		8214: forced termination	sending 10 to 8218
		 !!!Deadlock detected!!!
8222 is deadlocked waiting for 16
	0: 0
	1: 0
	2: 0
	3: 0
	4: 0
	5: 0
	6: 0
	7: 0
	8: 0
	9: 0
	10: 0
	11: 0
	12: 0
	13: 0
	14: 0
	15: 0
	16: 0
	17: 0
	18: 0
	19: 0
	0: 0
	1: 2
	2: 0
	3: 3
	4: 0
	5: 1
	6: 0
	7: 0
	8: 0
	9: 1
	10: 1
	11: 0
	12: 0
	13: 0
	14: 1
	15: 0
	16: 0
	17: 0
	18: 0
	19: 0
	0: 0
	1: 1
	2: 0
	3: 0
	4: 0
	5: 0
	6: 0
	7: 0
	8: 0
	9: 1
	10: 1
	11: 0
	12: 1
	13: 0
	14: 0
	15: 0
	16: 2
	17: 1
	18: 1
	19: 0
	0: 1
	1: 1
	2: 0
	3: 1
	4: 0
	5: 2
	6: 0
	7: 0
	8: 0
	9: 0
	10: 0
	11: 0
	12: 1
	13: 0
	14: 0
	15: 0
	16: 0
	17: 1
	18: 1
	19: 0
8222 is waiting on 16
8213 is waiting on 16
8215 is waiting on 10
8216 is waiting on 16
8217 is waiting on 16
The process to terminate to resolve deadlock is 8216 for 4 resolutions
		8216: forced termination	sending 10 to 8215
		8216: forced termination	sending 16 to 8222
		8216: forced termination	sending 16 to 8213
		 !!!Deadlock detected!!!
8213 is deadlocked waiting for 9
	0: 0
	1: 3
	2: 1
	3: 3
	4: 0
	5: 1
	6: 0
	7: 0
	8: 0
	9: 2
	10: 1
	11: 0
	12: 0
	13: 0
	14: 1
	15: 0
	16: 0
	17: 0
	18: 1
	19: 1
8222 is waiting on 16
8213 is waiting on 9
8224 is waiting on 10
8215 is waiting on 18
8219 is waiting on 18
8221 is waiting on 16
The process to terminate to resolve deadlock is 8213 for 4 resolutions
		8213: forced termination	sending 10 to 8224
		8213: forced termination	sending 18 to 8215
		 !!!Deadlock detected!!!
8222 is deadlocked waiting for 18
	0: 0
	1: 1
	2: 1
	3: 0
	4: 0
	5: 0
	6: 0
	7: 0
	8: 0
	9: 0
	10: 0
	11: 0
	12: 0
	13: 0
	14: 0
	15: 0
	16: 2
	17: 0
	18: 0
	19: 0
8222 is waiting on 18
8223 is waiting on 16
8224 is waiting on 16
8229 is waiting on 16
8226 is waiting on 7
8217 is waiting on 7
8225 is waiting on 10
8219 is waiting on 10
8227 is waiting on 16
8221 is waiting on 16
The process to terminate to resolve deadlock is 8222 for 3 resolutions
		8222: forced termination	sending 16 to 8223
		8222: forced termination	sending 16 to 8224
